<?xml version="1.0" encoding="UTF-8"?>
<!-- Generated by org.testng.reporters.JUnitReportReporter -->
<testsuite hostname="ip-172-31-41-222" failures="0" tests="1" name="com.stackroute.seleniumPOM.TestPages.SearchPageTest" time="17.486" errors="0" timestamp="2021-02-09T13:16:02 UTC" skipped="0">
  <testcase classname="com.stackroute.seleniumPOM.TestPages.SearchPageTest" name="searchTest" time="17.486"/>
  <system-out/>
</testsuite> <!-- com.stackroute.seleniumPOM.TestPages.SearchPageTest -->
